1571537577.074302 client started (20493): version next-3.1, socket /tmp/tmux-1000/default, protocol 8
1571537577.074383 on Linux 4.14.0-kali3-amd64 #1 SMP Debian 4.14.17-1kali1 (2018-02-16); libevent 2.1.8-stable (poll)
1571537577.074458 socket is /tmp/tmux-1000/default
1571537577.074492 trying connect
1571537577.074642 add peer 0x562c418ef0b0: 6 ((nil))
1571537577.074842 sending message 100 to peer 0x562c418ef0b0 (4 bytes)
1571537577.074871 sending message 101 to peer 0x562c418ef0b0 (15 bytes)
1571537577.074887 sending message 102 to peer 0x562c418ef0b0 (11 bytes)
1571537577.074902 sending message 108 to peer 0x562c418ef0b0 (29 bytes)
1571537577.074923 sending message 104 to peer 0x562c418ef0b0 (0 bytes)
1571537577.074940 sending message 107 to peer 0x562c418ef0b0 (4 bytes)
1571537577.074956 sending message 105 to peer 0x562c418ef0b0 (16 bytes)
1571537577.074972 sending message 105 to peer 0x562c418ef0b0 (84 bytes)
1571537577.074988 sending message 105 to peer 0x562c418ef0b0 (19 bytes)
1571537577.075003 sending message 105 to peer 0x562c418ef0b0 (20 bytes)
1571537577.075018 sending message 105 to peer 0x562c418ef0b0 (68 bytes)
1571537577.075033 sending message 105 to peer 0x562c418ef0b0 (47 bytes)
1571537577.075047 sending message 105 to peer 0x562c418ef0b0 (58 bytes)
1571537577.075062 sending message 105 to peer 0x562c418ef0b0 (23 bytes)
1571537577.075077 sending message 105 to peer 0x562c418ef0b0 (44 bytes)
1571537577.075091 sending message 105 to peer 0x562c418ef0b0 (36 bytes)
1571537577.075106 sending message 105 to peer 0x562c418ef0b0 (27 bytes)
1571537577.075121 sending message 105 to peer 0x562c418ef0b0 (41 bytes)
1571537577.075135 sending message 105 to peer 0x562c418ef0b0 (38 bytes)
1571537577.075150 sending message 105 to peer 0x562c418ef0b0 (71 bytes)
1571537577.075164 sending message 105 to peer 0x562c418ef0b0 (35 bytes)
1571537577.075179 sending message 105 to peer 0x562c418ef0b0 (33 bytes)
1571537577.075194 sending message 105 to peer 0x562c418ef0b0 (18 bytes)
1571537577.075209 sending message 105 to peer 0x562c418ef0b0 (27 bytes)
1571537577.075224 sending message 105 to peer 0x562c418ef0b0 (65 bytes)
1571537577.075265 sending message 105 to peer 0x562c418ef0b0 (28 bytes)
1571537577.075282 sending message 105 to peer 0x562c418ef0b0 (15 bytes)
1571537577.075298 sending message 105 to peer 0x562c418ef0b0 (33 bytes)
1571537577.075314 sending message 105 to peer 0x562c418ef0b0 (13 bytes)
1571537577.075329 sending message 105 to peer 0x562c418ef0b0 (37 bytes)
1571537577.075344 sending message 105 to peer 0x562c418ef0b0 (21 bytes)
1571537577.075359 sending message 105 to peer 0x562c418ef0b0 (12 bytes)
1571537577.075374 sending message 105 to peer 0x562c418ef0b0 (52 bytes)
1571537577.075390 sending message 105 to peer 0x562c418ef0b0 (29 bytes)
1571537577.075406 sending message 105 to peer 0x562c418ef0b0 (34 bytes)
1571537577.075421 sending message 105 to peer 0x562c418ef0b0 (18 bytes)
1571537577.075436 sending message 105 to peer 0x562c418ef0b0 (72 bytes)
1571537577.075451 sending message 105 to peer 0x562c418ef0b0 (48 bytes)
1571537577.075466 sending message 105 to peer 0x562c418ef0b0 (33 bytes)
1571537577.075481 sending message 105 to peer 0x562c418ef0b0 (24 bytes)
1571537577.075496 sending message 105 to peer 0x562c418ef0b0 (29 bytes)
1571537577.075511 sending message 105 to peer 0x562c418ef0b0 (17 bytes)
1571537577.075526 sending message 105 to peer 0x562c418ef0b0 (16 bytes)
1571537577.075541 sending message 105 to peer 0x562c418ef0b0 (13 bytes)
1571537577.075556 sending message 105 to peer 0x562c418ef0b0 (82 bytes)
1571537577.075572 sending message 105 to peer 0x562c418ef0b0 (26 bytes)
1571537577.075587 sending message 105 to peer 0x562c418ef0b0 (17 bytes)
1571537577.075601 sending message 105 to peer 0x562c418ef0b0 (17 bytes)
1571537577.075616 sending message 105 to peer 0x562c418ef0b0 (52 bytes)
1571537577.075631 sending message 105 to peer 0x562c418ef0b0 (86 bytes)
1571537577.075647 sending message 105 to peer 0x562c418ef0b0 (67 bytes)
1571537577.075663 sending message 105 to peer 0x562c418ef0b0 (22 bytes)
1571537577.075698 sending message 105 to peer 0x562c418ef0b0 (49 bytes)
1571537577.075715 sending message 105 to peer 0x562c418ef0b0 (24 bytes)
1571537577.075730 sending message 105 to peer 0x562c418ef0b0 (12 bytes)
1571537577.075746 sending message 105 to peer 0x562c418ef0b0 (20 bytes)
1571537577.075762 sending message 105 to peer 0x562c418ef0b0 (46 bytes)
1571537577.075777 sending message 105 to peer 0x562c418ef0b0 (10 bytes)
1571537577.075793 sending message 105 to peer 0x562c418ef0b0 (13 bytes)
1571537577.075808 sending message 105 to peer 0x562c418ef0b0 (30 bytes)
1571537577.075823 sending message 105 to peer 0x562c418ef0b0 (41 bytes)
1571537577.075839 sending message 105 to peer 0x562c418ef0b0 (11 bytes)
1571537577.075854 sending message 105 to peer 0x562c418ef0b0 (8 bytes)
1571537577.075870 sending message 105 to peer 0x562c418ef0b0 (24 bytes)
1571537577.075885 sending message 105 to peer 0x562c418ef0b0 (11 bytes)
1571537577.075901 sending message 105 to peer 0x562c418ef0b0 (17 bytes)
1571537577.075916 sending message 105 to peer 0x562c418ef0b0 (31 bytes)
1571537577.075931 sending message 105 to peer 0x562c418ef0b0 (67 bytes)
1571537577.075947 sending message 105 to peer 0x562c418ef0b0 (18 bytes)
1571537577.075962 sending message 105 to peer 0x562c418ef0b0 (61 bytes)
1571537577.075978 sending message 105 to peer 0x562c418ef0b0 (231 bytes)
1571537577.075994 sending message 105 to peer 0x562c418ef0b0 (28 bytes)
1571537577.076009 sending message 105 to peer 0x562c418ef0b0 (54 bytes)
1571537577.076025 sending message 105 to peer 0x562c418ef0b0 (362 bytes)
1571537577.076041 sending message 105 to peer 0x562c418ef0b0 (65 bytes)
1571537577.076057 sending message 105 to peer 0x562c418ef0b0 (18 bytes)
1571537577.076073 sending message 105 to peer 0x562c418ef0b0 (22 bytes)
1571537577.076088 sending message 106 to peer 0x562c418ef0b0 (0 bytes)
1571537577.076105 sending message 200 to peer 0x562c418ef0b0 (4 bytes)
1571537577.076119 client loop enter
1571537577.077177 peer 0x562c418ef0b0 message 211
1571537577.077219 client_write: sessions should be nested with care, unset $TMUX to force\n
1571537577.077263 peer 0x562c418ef0b0 message 203
1571537577.077283 client loop exit
