1563469615.425688 client started (22368): version next-3.1, socket /tmp//tmux-1000/default, protocol 8
1563469615.425781 on Linux 4.14.0-kali3-amd64 #1 SMP Debian 4.14.17-1kali1 (2018-02-16); libevent 2.1.8-stable (poll)
1563469615.425870 socket is /tmp//tmux-1000/default
1563469615.425914 trying connect
1563469615.426083 add peer 0x55ee4ab330f0: 6 ((nil))
1563469615.426296 sending message 100 to peer 0x55ee4ab330f0 (4 bytes)
1563469615.426334 sending message 101 to peer 0x55ee4ab330f0 (15 bytes)
1563469615.426350 sending message 102 to peer 0x55ee4ab330f0 (11 bytes)
1563469615.426365 sending message 108 to peer 0x55ee4ab330f0 (29 bytes)
1563469615.426385 sending message 104 to peer 0x55ee4ab330f0 (0 bytes)
1563469615.426400 sending message 107 to peer 0x55ee4ab330f0 (4 bytes)
1563469615.426416 sending message 105 to peer 0x55ee4ab330f0 (16 bytes)
1563469615.426431 sending message 105 to peer 0x55ee4ab330f0 (84 bytes)
1563469615.426445 sending message 105 to peer 0x55ee4ab330f0 (19 bytes)
1563469615.426459 sending message 105 to peer 0x55ee4ab330f0 (20 bytes)
1563469615.426473 sending message 105 to peer 0x55ee4ab330f0 (68 bytes)
1563469615.426487 sending message 105 to peer 0x55ee4ab330f0 (47 bytes)
1563469615.426501 sending message 105 to peer 0x55ee4ab330f0 (58 bytes)
1563469615.426515 sending message 105 to peer 0x55ee4ab330f0 (23 bytes)
1563469615.426530 sending message 105 to peer 0x55ee4ab330f0 (44 bytes)
1563469615.426544 sending message 105 to peer 0x55ee4ab330f0 (36 bytes)
1563469615.426558 sending message 105 to peer 0x55ee4ab330f0 (27 bytes)
1563469615.426571 sending message 105 to peer 0x55ee4ab330f0 (41 bytes)
1563469615.426584 sending message 105 to peer 0x55ee4ab330f0 (38 bytes)
1563469615.426598 sending message 105 to peer 0x55ee4ab330f0 (71 bytes)
1563469615.426611 sending message 105 to peer 0x55ee4ab330f0 (35 bytes)
1563469615.426625 sending message 105 to peer 0x55ee4ab330f0 (33 bytes)
1563469615.426639 sending message 105 to peer 0x55ee4ab330f0 (18 bytes)
1563469615.426653 sending message 105 to peer 0x55ee4ab330f0 (27 bytes)
1563469615.426667 sending message 105 to peer 0x55ee4ab330f0 (65 bytes)
1563469615.426712 sending message 105 to peer 0x55ee4ab330f0 (28 bytes)
1563469615.426729 sending message 105 to peer 0x55ee4ab330f0 (15 bytes)
1563469615.426745 sending message 105 to peer 0x55ee4ab330f0 (33 bytes)
1563469615.426762 sending message 105 to peer 0x55ee4ab330f0 (13 bytes)
1563469615.426777 sending message 105 to peer 0x55ee4ab330f0 (37 bytes)
1563469615.426791 sending message 105 to peer 0x55ee4ab330f0 (21 bytes)
1563469615.426808 sending message 105 to peer 0x55ee4ab330f0 (12 bytes)
1563469615.426824 sending message 105 to peer 0x55ee4ab330f0 (52 bytes)
1563469615.426839 sending message 105 to peer 0x55ee4ab330f0 (29 bytes)
1563469615.426855 sending message 105 to peer 0x55ee4ab330f0 (34 bytes)
1563469615.426869 sending message 105 to peer 0x55ee4ab330f0 (18 bytes)
1563469615.426885 sending message 105 to peer 0x55ee4ab330f0 (72 bytes)
1563469615.426900 sending message 105 to peer 0x55ee4ab330f0 (48 bytes)
1563469615.426915 sending message 105 to peer 0x55ee4ab330f0 (33 bytes)
1563469615.426929 sending message 105 to peer 0x55ee4ab330f0 (24 bytes)
1563469615.426943 sending message 105 to peer 0x55ee4ab330f0 (29 bytes)
1563469615.426956 sending message 105 to peer 0x55ee4ab330f0 (17 bytes)
1563469615.426969 sending message 105 to peer 0x55ee4ab330f0 (16 bytes)
1563469615.426982 sending message 105 to peer 0x55ee4ab330f0 (13 bytes)
1563469615.426996 sending message 105 to peer 0x55ee4ab330f0 (82 bytes)
1563469615.427010 sending message 105 to peer 0x55ee4ab330f0 (26 bytes)
1563469615.427024 sending message 105 to peer 0x55ee4ab330f0 (17 bytes)
1563469615.427038 sending message 105 to peer 0x55ee4ab330f0 (17 bytes)
1563469615.427051 sending message 105 to peer 0x55ee4ab330f0 (52 bytes)
1563469615.427065 sending message 105 to peer 0x55ee4ab330f0 (86 bytes)
1563469615.427079 sending message 105 to peer 0x55ee4ab330f0 (67 bytes)
1563469615.427093 sending message 105 to peer 0x55ee4ab330f0 (22 bytes)
1563469615.427138 sending message 105 to peer 0x55ee4ab330f0 (49 bytes)
1563469615.427153 sending message 105 to peer 0x55ee4ab330f0 (24 bytes)
1563469615.427166 sending message 105 to peer 0x55ee4ab330f0 (12 bytes)
1563469615.427180 sending message 105 to peer 0x55ee4ab330f0 (20 bytes)
1563469615.427194 sending message 105 to peer 0x55ee4ab330f0 (46 bytes)
1563469615.427208 sending message 105 to peer 0x55ee4ab330f0 (10 bytes)
1563469615.427221 sending message 105 to peer 0x55ee4ab330f0 (15 bytes)
1563469615.427235 sending message 105 to peer 0x55ee4ab330f0 (29 bytes)
1563469615.427249 sending message 105 to peer 0x55ee4ab330f0 (41 bytes)
1563469615.427263 sending message 105 to peer 0x55ee4ab330f0 (11 bytes)
1563469615.427277 sending message 105 to peer 0x55ee4ab330f0 (8 bytes)
1563469615.427291 sending message 105 to peer 0x55ee4ab330f0 (24 bytes)
1563469615.427308 sending message 105 to peer 0x55ee4ab330f0 (11 bytes)
1563469615.427330 sending message 105 to peer 0x55ee4ab330f0 (17 bytes)
1563469615.427360 sending message 105 to peer 0x55ee4ab330f0 (31 bytes)
1563469615.427376 sending message 105 to peer 0x55ee4ab330f0 (67 bytes)
1563469615.427392 sending message 105 to peer 0x55ee4ab330f0 (18 bytes)
1563469615.427418 sending message 105 to peer 0x55ee4ab330f0 (61 bytes)
1563469615.427433 sending message 105 to peer 0x55ee4ab330f0 (207 bytes)
1563469615.427482 sending message 105 to peer 0x55ee4ab330f0 (28 bytes)
1563469615.427510 sending message 105 to peer 0x55ee4ab330f0 (54 bytes)
1563469615.427533 sending message 105 to peer 0x55ee4ab330f0 (362 bytes)
1563469615.427541 sending message 105 to peer 0x55ee4ab330f0 (65 bytes)
1563469615.427549 sending message 105 to peer 0x55ee4ab330f0 (18 bytes)
1563469615.427557 sending message 105 to peer 0x55ee4ab330f0 (22 bytes)
1563469615.427565 sending message 106 to peer 0x55ee4ab330f0 (0 bytes)
1563469615.427573 sending message 200 to peer 0x55ee4ab330f0 (4 bytes)
1563469615.427581 client loop enter
1563469615.428229 peer 0x55ee4ab330f0 message 211
1563469615.428247 client_write: sessions should be nested with care, unset $TMUX to force\n
1563469615.428268 peer 0x55ee4ab330f0 message 203
1563469615.428281 client loop exit
